

<!DOCTYPE html>
<html>
<head>
<meta charset="utf-8">
<meta name="viewport" content="width=device-width, initial-scale=1, shrink-to-fit=no">
<title></title>
<link rel="apple-touch-icon" href="https://cdn.jsdelivr.net/gh/extent-framework/extent-github-cdn@b00a2d0486596e73dd7326beacf352c639623a0e/commons/img/logo.png">
<link rel="shortcut icon" href="https://cdn.jsdelivr.net/gh/extent-framework/extent-github-cdn@b00a2d0486596e73dd7326beacf352c639623a0e/commons/img/logo.png">
<link href="https://cdn.jsdelivr.net/gh/extent-framework/extent-github-cdn@c43b89d03a7c43dae8bb8f0f078bad1997af6b3b/spark/css/spark-style.css" rel="stylesheet" />
<link href="https://stackpath.bootstrapcdn.com/font-awesome/4.7.0/css/font-awesome.min.css" rel="stylesheet">
<script src="https://cdn.rawgit.com/extent-framework/extent-github-cdn/7cc78ce/spark/js/jsontree.js"></script>
<style type="text/css"></style></head><body class="spa bdd-report standard">
  <div class="app">
    <div class="layout">
<div class="header navbar">
<div class="vheader">
<div class="nav-logo">
<a href="#">
<div class="logo" style="background-image: url('https://cdn.jsdelivr.net/gh/extent-framework/extent-github-cdn@b00a2d0486596e73dd7326beacf352c639623a0e/commons/img/logo.png')"></div>
</a>
</div>
<ul class="nav-left">
<li class="search-box">
<a class="search-toggle" href="#">
<i class="search-icon fa fa-search"></i>
<i class="search-icon-close fa fa-close"></i>
</a>
</li>
<li class="search-input"><input id="search-tests" class="form-control" type="text" placeholder="Search..."></li>
</ul>
<ul class="nav-right">
<li class="m-r-10">
<a href="#"><span class="badge badge-primary"></span></a>
</li>
<li class="m-r-10">
<a href="#"><span class="badge badge-primary">Nov 28, 2021 10:34:39 PM</span></a>
</li>
</ul>
</div>
</div><div class="side-nav">
<div class="side-nav-inner">
<ul class="side-nav-menu">
<li class="nav-item dropdown" onclick="toggleView('test-view')">
<a id="nav-test" class="dropdown-toggle" href="#">
<span class="ico"><i class="fa fa-list"></i></span>
</a>
</li>
<li class="nav-item dropdown" onclick="toggleView('exception-view')">
<a id="nav-exception" class="dropdown-toggle" href="#">
<span class="ico"><i class="fa fa-bug"></i></span>
</a>
</li>
<li class="nav-item dropdown" onclick="toggleView('dashboard-view')">
<a id="nav-dashboard" class="dropdown-toggle" href="#">
<span class="ico"><i class="fa fa-bar-chart"></i></span>
</a>
</li>
</ul>
</div>
</div>      <div class="vcontainer">
        <div class="main-content">
<div class="test-wrapper row view test-view">
  <div class="test-list">
    <div class="test-list-tools">
<ul class="tools pull-left">
<li><a href="#"><span class="font-size-14">Tests</span></a></li>
</ul>
<ul class="tools text-right">
<li class="dropdown">
<a href="#" class="dropdown-toggle" data-toggle="dropdown"><i class="fa fa-exclamation-circle"></i></a>
<ul id="status-toggle" class="dropdown-menu dropdown-md p-v-0">
<a class="dropdown-item" status="fail" href="#"><span>Fail</span><span class="status danger"></span></a>
<div class="dropdown-divider"></div>
<a status="clear" class="dropdown-item" href="#"><span>Clear</span><span class="pull-right"><i class="fa fa-close"></i></span></a>
</ul>
</li>
</ul>
</div>    <div class="test-list-wrapper scrollable">
      <ul class="test-list-item">
        <li class="test-item"  status="fail" test-id="1"
          author=""
          tag=""
          device="">
          <div class="test-detail">
            <p class="name">This feature is to test user registration functionality</p>
            <p class="text-sm">
              <span>22:34:40 PM</span> / <span>31:38:037</span>
              <span class="badge fail-bg log float-right">Fail</span>
            </p>
          </div>
          <div class="test-contents d-none">
<div class="detail-head">
<div class="p-v-10">
<div class="info">
<h5 class="test-status text-fail">This feature is to test user registration functionality</h5>
<span class='badge badge-success'>11.28.2021 22:34:40</span>
<span class='badge badge-danger'>11.28.2021 22:36:18</span>
<span class='badge badge-default'>31:38:037</span>
&middot; <span class='uri-anchor badge badge-default'>#test-id=1</span>
</div>
<div class="m-t-10 m-l-5"></div>
</div>
</div>
<div class="accordion mt-4">
  <div class="card">
    <div class="card-header" role="tab">
      <div class="card-title">
        <div class="node" id="2"><span class="badge log pass-bg mr-2">Pass</span>validate error message for invalid user name</div>
      </div>
    </div>
        <div class="scenario_outline collapse">
            <div class="card-body l1">
              <div class="card-header">
                <div class="card-title outline-child">
                  <div class="node" id="3"><span class="badge log pass-bg mr-2">Pass</span>validate error message for invalid user name</div>
                </div>
              </div>
              <div class="card-body mt-3 collapse">
                  <div class="step pass-bg">
                    <span>Given user is on user registration page</span>
      <div>
      </div>
                  </div>
                  <div class="step pass-bg">
                    <span>When user provides "abc@123" as user name</span>
      <div>
      </div>
                  </div>
                  <div class="step pass-bg">
                    <span>Then user should see "Username is invalid." message</span>
      <div>
      </div>
                  </div>
              </div>
            </div>
            <div class="card-body l1">
              <div class="card-header">
                <div class="card-title outline-child">
                  <div class="node" id="4"><span class="badge log pass-bg mr-2">Pass</span>validate error message for invalid user name</div>
                </div>
              </div>
              <div class="card-body mt-3 collapse">
                  <div class="step pass-bg">
                    <span>Given user is on user registration page</span>
      <div>
      </div>
                  </div>
                  <div class="step pass-bg">
                    <span>When user provides "abc" as user name</span>
      <div>
      </div>
                  </div>
                  <div class="step pass-bg">
                    <span>Then user should see "Username is invalid." message</span>
      <div>
      </div>
                  </div>
              </div>
            </div>
        </div>
  </div>
  <div class="card">
    <div class="card-header" role="tab">
      <div class="card-title">
        <div class="node" id="21"><span class="badge log pass-bg mr-2">Pass</span>validate error message for invalid email address</div>
      </div>
    </div>
        <div class="scenario_outline collapse">
            <div class="card-body l1">
              <div class="card-header">
                <div class="card-title outline-child">
                  <div class="node" id="22"><span class="badge log pass-bg mr-2">Pass</span>validate error message for invalid email address</div>
                </div>
              </div>
              <div class="card-body mt-3 collapse">
                  <div class="step pass-bg">
                    <span>Given user is on user registration page</span>
      <div>
      </div>
                  </div>
                  <div class="step pass-bg">
                    <span>When user provides "abc" as email address</span>
      <div>
      </div>
                  </div>
                  <div class="step pass-bg">
                    <span>Then user should see "Please enter a valid email address." message</span>
      <div>
      </div>
                  </div>
              </div>
            </div>
            <div class="card-body l1">
              <div class="card-header">
                <div class="card-title outline-child">
                  <div class="node" id="24"><span class="badge log pass-bg mr-2">Pass</span>validate error message for invalid email address</div>
                </div>
              </div>
              <div class="card-body mt-3 collapse">
                  <div class="step pass-bg">
                    <span>Given user is on user registration page</span>
      <div>
      </div>
                  </div>
                  <div class="step pass-bg">
                    <span>When user provides "a bc@gmail.com" as email address</span>
      <div>
      </div>
                  </div>
                  <div class="step pass-bg">
                    <span>Then user should see "Please enter a valid email address." message</span>
      <div>
      </div>
                  </div>
              </div>
            </div>
        </div>
  </div>
  <div class="card">
    <div class="card-header" role="tab">
      <div class="card-title">
        <div class="node" id="40"><span class="badge log pass-bg mr-2">Pass</span>validate error message for invalid password</div>
      </div>
    </div>
        <div class="collapse">
          <div class="card-body">
              <div class="step pass-bg" title="com.etherscan.stepdefinitions.UserRegistrationStepDefinition.user_is_on_user_registration_page()">
                <span>Given user is on user registration page</span>
      <div>
      </div>
              </div>
              <div class="step pass-bg" title="com.etherscan.stepdefinitions.UserRegistrationStepDefinition.user_enters_password(java.lang.String)">
                <span>When user provides "Abc@" as password</span>
      <div>
      </div>
              </div>
              <div class="step pass-bg" title="com.etherscan.stepdefinitions.UserRegistrationStepDefinition.user_see_error_message(java.lang.String)">
                <span>Then user should see "Your password must be at least 5 characters long." message</span>
      <div>
      </div>
              </div>
          </div>
        </div>
  </div>
  <div class="card">
    <div class="card-header" role="tab">
      <div class="card-title">
        <div class="node" id="42"><span class="badge log fail-bg mr-2">Fail</span>validate error message when password is confirmed wrongly</div>
          <div class="status-avatar float-right mr-4">
            <i class="fa fa-paperclip"></i>
          </div>
      </div>
    </div>
        <div class="">
          <div class="card-body">
              <div class="step pass-bg" title="com.etherscan.stepdefinitions.UserRegistrationStepDefinition.user_is_on_user_registration_page()">
                <span>Given user is on user registration page</span>
      <div>
      </div>
              </div>
              <div class="step pass-bg" title="com.etherscan.stepdefinitions.UserRegistrationStepDefinition.user_enters_password(java.lang.String)">
                <span>When user provides "Abc@123" as password</span>
      <div>
      </div>
              </div>
              <div class="step pass-bg" title="com.etherscan.stepdefinitions.UserRegistrationStepDefinition.user_enters_confirm_password(java.lang.String)">
                <span>And user provides "Abc@1234" as confirm password</span>
      <div>
      </div>
              </div>
              <div class="step fail-bg" title="com.etherscan.stepdefinitions.UserRegistrationStepDefinition.user_see_error_message(java.lang.String)">
                <span>Then user should see "Password does not match, please check again." message</span>
      <div>
        <textarea disabled class="code-block">org.openqa.selenium.TimeoutException: Expected condition failed: waiting for visibility of all [[[ChromeDriver: chrome on WINDOWS (02607d338a277ae19ec2420e4d74cadc)] -> xpath: //div[@class='invalid-feedback' or @class='alert alert-danger']], [[ChromeDriver: chrome on WINDOWS (02607d338a277ae19ec2420e4d74cadc)] -> xpath: //div[@class='invalid-feedback' or @class='alert alert-danger']]] (tried for 10 second(s) with 500 milliseconds interval)
Build info: version: '3.141.59', revision: 'e82be7d358', time: '2018-11-14T08:17:03'
System info: host: 'II47-PF2H2HPK', ip: '192.168.0.196', os.name: 'Windows 10', os.arch: 'amd64', os.version: '10.0', java.version: '1.8.0_301'
Driver info: org.openqa.selenium.chrome.ChromeDriver
Capabilities {acceptInsecureCerts: false, browserName: chrome, browserVersion: 95.0.4638.69, chrome: {chromedriverVersion: 94.0.4606.61 (418b78f5838ed..., userDataDir: C:\Users\RAJIV_~1\AppData\L...}, goog:chromeOptions: {debuggerAddress: localhost:64502}, javascriptEnabled: true, networkConnectionEnabled: false, pageLoadStrategy: normal, platform: WINDOWS, platformName: WINDOWS, proxy: Proxy(), setWindowRect: true, strictFileInteractability: false, timeouts: {implicit: 0, pageLoad: 300000, script: 30000}, unhandledPromptBehavior: dismiss and notify, webauthn:extension:credBlob: true, webauthn:extension:largeBlob: true, webauthn:virtualAuthenticators: true}
Session ID: 02607d338a277ae19ec2420e4d74cadc
	at org.openqa.selenium.support.ui.WebDriverWait.timeoutException(WebDriverWait.java:95)
	at org.openqa.selenium.support.ui.FluentWait.until(FluentWait.java:272)
	at com.etherscan.pages.UserRegistrationPage.getErrorMessage(UserRegistrationPage.java:64)
	at com.etherscan.helpers.UserRegistrationHelper.getErrorMessage(UserRegistrationHelper.java:28)
	at com.etherscan.stepdefinitions.UserRegistrationStepDefinition.user_see_error_message(UserRegistrationStepDefinition.java:58)
	at ?.user should see "Password does not match, please check again." message(file:///C:/Users/rajiv_ranjan_maurya/Selenium%20Practice/Etherscan/src/test/java/com/etherscan/features/UserRegistration.feature:33)
</textarea>
      
      </div>
              </div>
              <div class="step pass-bg" >
                <span>com.etherscan.stepdefinitions.UserRegistrationStepDefinition.addScreenshot(io.cucumber.java.Scenario)</span>
      <div>
          <div class="row mb-3"><div class="col-md-3">
    <img data-featherlight='../Screenshots/embedded1.png' src="../Screenshots/embedded1.png">
    
    </div></div>
</div>
              </div>
          </div>
        </div>
  </div>
  <div class="card">
    <div class="card-header" role="tab">
      <div class="card-title">
        <div class="node" id="58"><span class="badge log fail-bg mr-2">Fail</span>validate that user is not able to create account without accepting terms and conditions</div>
          <div class="status-avatar float-right mr-4">
            <i class="fa fa-paperclip"></i>
          </div>
      </div>
    </div>
        <div class="">
          <div class="card-body">
              <div class="step pass-bg" title="com.etherscan.stepdefinitions.UserRegistrationStepDefinition.user_is_on_user_registration_page()">
                <span>Given user is on user registration page</span>
      <div>
      </div>
              </div>
              <div class="step pass-bg" title="com.etherscan.stepdefinitions.UserRegistrationStepDefinition.user_enters_user_name(java.lang.String)">
                <span>When user provides "Kavi123" as user name</span>
      <div>
      </div>
              </div>
              <div class="step pass-bg" title="com.etherscan.stepdefinitions.UserRegistrationStepDefinition.user_enters_email_address(java.lang.String)">
                <span>And user provides "Kavi@123.com" as email address</span>
      <div>
      </div>
              </div>
              <div class="step pass-bg" title="com.etherscan.stepdefinitions.UserRegistrationStepDefinition.user_enters_password(java.lang.String)">
                <span>And user provides "Abcdhe" as password</span>
      <div>
      </div>
              </div>
              <div class="step pass-bg" title="com.etherscan.stepdefinitions.UserRegistrationStepDefinition.user_enters_confirm_password(java.lang.String)">
                <span>And user provides "Abcdhe" as confirm password</span>
      <div>
      </div>
              </div>
              <div class="step pass-bg" title="com.etherscan.stepdefinitions.UserRegistrationStepDefinition.user_creates_account()">
                <span>And user creates account</span>
      <div>
      </div>
              </div>
              <div class="step fail-bg" title="com.etherscan.stepdefinitions.UserRegistrationStepDefinition.user_see_error_message(java.lang.String)">
                <span>Then user should see "Please accept our Terms and Conditions." message</span>
      <div>
        <textarea disabled class="code-block">org.openqa.selenium.TimeoutException: Expected condition failed: waiting for visibility of all [[[ChromeDriver: chrome on WINDOWS (b23e85c9049501fb8dd0939be42ba094)] -> xpath: //div[@class='invalid-feedback' or @class='alert alert-danger']], [[ChromeDriver: chrome on WINDOWS (b23e85c9049501fb8dd0939be42ba094)] -> xpath: //div[@class='invalid-feedback' or @class='alert alert-danger']], [[ChromeDriver: chrome on WINDOWS (b23e85c9049501fb8dd0939be42ba094)] -> xpath: //div[@class='invalid-feedback' or @class='alert alert-danger']], [[ChromeDriver: chrome on WINDOWS (b23e85c9049501fb8dd0939be42ba094)] -> xpath: //div[@class='invalid-feedback' or @class='alert alert-danger']], [[ChromeDriver: chrome on WINDOWS (b23e85c9049501fb8dd0939be42ba094)] -> xpath: //div[@class='invalid-feedback' or @class='alert alert-danger']]] (tried for 10 second(s) with 500 milliseconds interval)
Build info: version: '3.141.59', revision: 'e82be7d358', time: '2018-11-14T08:17:03'
System info: host: 'II47-PF2H2HPK', ip: '192.168.0.196', os.name: 'Windows 10', os.arch: 'amd64', os.version: '10.0', java.version: '1.8.0_301'
Driver info: org.openqa.selenium.chrome.ChromeDriver
Capabilities {acceptInsecureCerts: false, browserName: chrome, browserVersion: 95.0.4638.69, chrome: {chromedriverVersion: 94.0.4606.61 (418b78f5838ed..., userDataDir: C:\Users\RAJIV_~1\AppData\L...}, goog:chromeOptions: {debuggerAddress: localhost:62511}, javascriptEnabled: true, networkConnectionEnabled: false, pageLoadStrategy: normal, platform: WINDOWS, platformName: WINDOWS, proxy: Proxy(), setWindowRect: true, strictFileInteractability: false, timeouts: {implicit: 0, pageLoad: 300000, script: 30000}, unhandledPromptBehavior: dismiss and notify, webauthn:extension:credBlob: true, webauthn:extension:largeBlob: true, webauthn:virtualAuthenticators: true}
Session ID: b23e85c9049501fb8dd0939be42ba094
	at org.openqa.selenium.support.ui.WebDriverWait.timeoutException(WebDriverWait.java:95)
	at org.openqa.selenium.support.ui.FluentWait.until(FluentWait.java:272)
	at com.etherscan.pages.UserRegistrationPage.getErrorMessage(UserRegistrationPage.java:64)
	at com.etherscan.helpers.UserRegistrationHelper.getErrorMessage(UserRegistrationHelper.java:28)
	at com.etherscan.stepdefinitions.UserRegistrationStepDefinition.user_see_error_message(UserRegistrationStepDefinition.java:58)
	at ?.user should see "Please accept our Terms and Conditions." message(file:///C:/Users/rajiv_ranjan_maurya/Selenium%20Practice/Etherscan/src/test/java/com/etherscan/features/UserRegistration.feature:44)
</textarea>
      
      </div>
              </div>
              <div class="step pass-bg" >
                <span>com.etherscan.stepdefinitions.UserRegistrationStepDefinition.addScreenshot(io.cucumber.java.Scenario)</span>
      <div>
          <div class="row mb-3"><div class="col-md-3">
    <img data-featherlight='../Screenshots/embedded2.png' src="../Screenshots/embedded2.png">
    
    </div></div>
</div>
              </div>
          </div>
        </div>
  </div>
  <div class="card">
    <div class="card-header" role="tab">
      <div class="card-title">
        <div class="node" id="71"><span class="badge log fail-bg mr-2">Fail</span>validate that user is not able to create account without selecting captcha</div>
          <div class="status-avatar float-right mr-4">
            <i class="fa fa-paperclip"></i>
          </div>
      </div>
    </div>
        <div class="">
          <div class="card-body">
              <div class="step pass-bg" title="com.etherscan.stepdefinitions.UserRegistrationStepDefinition.user_is_on_user_registration_page()">
                <span>Given user is on user registration page</span>
      <div>
      </div>
              </div>
              <div class="step pass-bg" title="com.etherscan.stepdefinitions.UserRegistrationStepDefinition.user_enters_user_name(java.lang.String)">
                <span>When user provides "Kavi123" as user name</span>
      <div>
      </div>
              </div>
              <div class="step pass-bg" title="com.etherscan.stepdefinitions.UserRegistrationStepDefinition.user_enters_email_address(java.lang.String)">
                <span>And user provides "Kavi@123.com" as email address</span>
      <div>
      </div>
              </div>
              <div class="step pass-bg" title="com.etherscan.stepdefinitions.UserRegistrationStepDefinition.user_enters_password(java.lang.String)">
                <span>And user provides "Abcdhe" as password</span>
      <div>
      </div>
              </div>
              <div class="step pass-bg" title="com.etherscan.stepdefinitions.UserRegistrationStepDefinition.user_enters_confirm_password(java.lang.String)">
                <span>And user provides "Abcdhe" as confirm password</span>
      <div>
      </div>
              </div>
              <div class="step fail-bg" title="com.etherscan.stepdefinitions.UserRegistrationStepDefinition.user_accepts_terms_and_conditions()">
                <span>And user accepts terms and contions</span>
      <div>
        <textarea disabled class="code-block">org.openqa.selenium.TimeoutException: Expected condition failed: waiting for visibility of [[ChromeDriver: chrome on WINDOWS (32a81f46c2dc42efa1710a7cd2d53f16)] -> id: ContentPlaceHolder1_MyCheckBox] (tried for 10 second(s) with 500 milliseconds interval)
Build info: version: '3.141.59', revision: 'e82be7d358', time: '2018-11-14T08:17:03'
System info: host: 'II47-PF2H2HPK', ip: '192.168.0.196', os.name: 'Windows 10', os.arch: 'amd64', os.version: '10.0', java.version: '1.8.0_301'
Driver info: org.openqa.selenium.chrome.ChromeDriver
Capabilities {acceptInsecureCerts: false, browserName: chrome, browserVersion: 95.0.4638.69, chrome: {chromedriverVersion: 94.0.4606.61 (418b78f5838ed..., userDataDir: C:\Users\RAJIV_~1\AppData\L...}, goog:chromeOptions: {debuggerAddress: localhost:54195}, javascriptEnabled: true, networkConnectionEnabled: false, pageLoadStrategy: normal, platform: WINDOWS, platformName: WINDOWS, proxy: Proxy(), setWindowRect: true, strictFileInteractability: false, timeouts: {implicit: 0, pageLoad: 300000, script: 30000}, unhandledPromptBehavior: dismiss and notify, webauthn:extension:credBlob: true, webauthn:extension:largeBlob: true, webauthn:virtualAuthenticators: true}
Session ID: 32a81f46c2dc42efa1710a7cd2d53f16
	at org.openqa.selenium.support.ui.WebDriverWait.timeoutException(WebDriverWait.java:95)
	at org.openqa.selenium.support.ui.FluentWait.until(FluentWait.java:272)
	at com.etherscan.pages.UserRegistrationPage.accpetTermsConditions(UserRegistrationPage.java:99)
	at com.etherscan.helpers.UserRegistrationHelper.accpetTermsConditions(UserRegistrationHelper.java:52)
	at com.etherscan.stepdefinitions.UserRegistrationStepDefinition.user_accepts_terms_and_conditions(UserRegistrationStepDefinition.java:99)
	at ?.user accepts terms and contions(file:///C:/Users/rajiv_ranjan_maurya/Selenium%20Practice/Etherscan/src/test/java/com/etherscan/features/UserRegistration.feature:54)
</textarea>
      
      </div>
              </div>
              <div class="step pass-bg" >
                <span>com.etherscan.stepdefinitions.UserRegistrationStepDefinition.addScreenshot(io.cucumber.java.Scenario)</span>
      <div>
          <div class="row mb-3"><div class="col-md-3">
    <img data-featherlight='../Screenshots/embedded3.png' src="../Screenshots/embedded3.png">
    
    </div></div>
</div>
              </div>
              <div class="step skip-bg" title="com.etherscan.stepdefinitions.UserRegistrationStepDefinition.user_creates_account()">
                <span>And user creates account</span>
      <div>Step skipped
      </div>
              </div>
              <div class="step skip-bg" title="com.etherscan.stepdefinitions.UserRegistrationStepDefinition.user_see_error_message(java.lang.String)">
                <span>Then user should see "Error! Invalid captcha response.Please Try Again" message</span>
      <div>Step skipped
      </div>
              </div>
          </div>
        </div>
  </div>
  <div class="card">
    <div class="card-header" role="tab">
      <div class="card-title">
        <div class="node" id="90"><span class="badge log fail-bg mr-2">Fail</span>validate that user is able to create account successfully</div>
          <div class="status-avatar float-right mr-4">
            <i class="fa fa-paperclip"></i>
          </div>
      </div>
    </div>
        <div class="">
          <div class="card-body">
              <div class="step pass-bg" title="com.etherscan.stepdefinitions.UserRegistrationStepDefinition.user_is_on_user_registration_page()">
                <span>Given user is on user registration page</span>
      <div>
      </div>
              </div>
              <div class="step pass-bg" title="com.etherscan.stepdefinitions.UserRegistrationStepDefinition.user_enters_user_name(java.lang.String)">
                <span>When user provides "Kavi123" as user name</span>
      <div>
      </div>
              </div>
              <div class="step pass-bg" title="com.etherscan.stepdefinitions.UserRegistrationStepDefinition.user_enters_email_address(java.lang.String)">
                <span>And user provides "Kavi@123.com" as email address</span>
      <div>
      </div>
              </div>
              <div class="step pass-bg" title="com.etherscan.stepdefinitions.UserRegistrationStepDefinition.user_enters_password(java.lang.String)">
                <span>And user provides "Abcdhe" as password</span>
      <div>
      </div>
              </div>
              <div class="step pass-bg" title="com.etherscan.stepdefinitions.UserRegistrationStepDefinition.user_enters_confirm_password(java.lang.String)">
                <span>And user provides "Abcdhe" as confirm password</span>
      <div>
      </div>
              </div>
              <div class="step fail-bg" title="com.etherscan.stepdefinitions.UserRegistrationStepDefinition.user_accepts_terms_and_conditions()">
                <span>And user accepts terms and contions</span>
      <div>
        <textarea disabled class="code-block">org.openqa.selenium.TimeoutException: Expected condition failed: waiting for visibility of [[ChromeDriver: chrome on WINDOWS (203c073184a0a35eca7717beb8a7f36c)] -> id: ContentPlaceHolder1_MyCheckBox] (tried for 10 second(s) with 500 milliseconds interval)
Build info: version: '3.141.59', revision: 'e82be7d358', time: '2018-11-14T08:17:03'
System info: host: 'II47-PF2H2HPK', ip: '192.168.0.196', os.name: 'Windows 10', os.arch: 'amd64', os.version: '10.0', java.version: '1.8.0_301'
Driver info: org.openqa.selenium.chrome.ChromeDriver
Capabilities {acceptInsecureCerts: false, browserName: chrome, browserVersion: 95.0.4638.69, chrome: {chromedriverVersion: 94.0.4606.61 (418b78f5838ed..., userDataDir: C:\Users\RAJIV_~1\AppData\L...}, goog:chromeOptions: {debuggerAddress: localhost:64022}, javascriptEnabled: true, networkConnectionEnabled: false, pageLoadStrategy: normal, platform: WINDOWS, platformName: WINDOWS, proxy: Proxy(), setWindowRect: true, strictFileInteractability: false, timeouts: {implicit: 0, pageLoad: 300000, script: 30000}, unhandledPromptBehavior: dismiss and notify, webauthn:extension:credBlob: true, webauthn:extension:largeBlob: true, webauthn:virtualAuthenticators: true}
Session ID: 203c073184a0a35eca7717beb8a7f36c
	at org.openqa.selenium.support.ui.WebDriverWait.timeoutException(WebDriverWait.java:95)
	at org.openqa.selenium.support.ui.FluentWait.until(FluentWait.java:272)
	at com.etherscan.pages.UserRegistrationPage.accpetTermsConditions(UserRegistrationPage.java:99)
	at com.etherscan.helpers.UserRegistrationHelper.accpetTermsConditions(UserRegistrationHelper.java:52)
	at com.etherscan.stepdefinitions.UserRegistrationStepDefinition.user_accepts_terms_and_conditions(UserRegistrationStepDefinition.java:99)
	at ?.user accepts terms and contions(file:///C:/Users/rajiv_ranjan_maurya/Selenium%20Practice/Etherscan/src/test/java/com/etherscan/features/UserRegistration.feature:66)
</textarea>
      
      </div>
              </div>
              <div class="step pass-bg" >
                <span>com.etherscan.stepdefinitions.UserRegistrationStepDefinition.addScreenshot(io.cucumber.java.Scenario)</span>
      <div>
          <div class="row mb-3"><div class="col-md-3">
    <img data-featherlight='../Screenshots/embedded4.png' src="../Screenshots/embedded4.png">
    
    </div></div>
</div>
              </div>
              <div class="step skip-bg" title="com.etherscan.stepdefinitions.UserRegistrationStepDefinition.subscribe_newsletter()">
                <span>And user subscribs to newsletter</span>
      <div>Step skipped
      </div>
              </div>
              <div class="step skip-bg" title="com.etherscan.stepdefinitions.UserRegistrationStepDefinition.select_captcha()">
                <span>And user selects captcha</span>
      <div>Step skipped
      </div>
              </div>
              <div class="step skip-bg" title="com.etherscan.stepdefinitions.UserRegistrationStepDefinition.user_creates_account()">
                <span>And user creates account</span>
      <div>Step skipped
      </div>
              </div>
              <div class="step skip-bg" title="com.etherscan.stepdefinitions.UserRegistrationStepDefinition.user_see_error_message(java.lang.String)">
                <span>Then user should see "Your account registration has been submitted and is pending email verification " message</span>
      <div>Step skipped
      </div>
              </div>
          </div>
        </div>
  </div>
  <div class="card">
    <div class="card-header" role="tab">
      <div class="card-title">
        <div class="node" id="109"><span class="badge log fail-bg mr-2">Fail</span>validate that user is not able to register with existing user name</div>
          <div class="status-avatar float-right mr-4">
            <i class="fa fa-paperclip"></i>
          </div>
      </div>
    </div>
        <div class="">
          <div class="card-body">
              <div class="step pass-bg" title="com.etherscan.stepdefinitions.UserRegistrationStepDefinition.user_is_on_user_registration_page()">
                <span>Given user is on user registration page</span>
      <div>
      </div>
              </div>
              <div class="step pass-bg" title="com.etherscan.stepdefinitions.UserRegistrationStepDefinition.user_enters_user_name(java.lang.String)">
                <span>When user provides "abcd1" as user name</span>
      <div>
      </div>
              </div>
              <div class="step pass-bg" title="com.etherscan.stepdefinitions.UserRegistrationStepDefinition.user_enters_email_address(java.lang.String)">
                <span>And user provides "Kavi@123.com" as email address</span>
      <div>
      </div>
              </div>
              <div class="step pass-bg" title="com.etherscan.stepdefinitions.UserRegistrationStepDefinition.user_enters_password(java.lang.String)">
                <span>And user provides "Abcdhe" as password</span>
      <div>
      </div>
              </div>
              <div class="step pass-bg" title="com.etherscan.stepdefinitions.UserRegistrationStepDefinition.user_enters_confirm_password(java.lang.String)">
                <span>And user provides "Abcdhe" as confirm password</span>
      <div>
      </div>
              </div>
              <div class="step fail-bg" title="com.etherscan.stepdefinitions.UserRegistrationStepDefinition.user_accepts_terms_and_conditions()">
                <span>And user accepts terms and contions</span>
      <div>
        <textarea disabled class="code-block">org.openqa.selenium.TimeoutException: Expected condition failed: waiting for visibility of [[ChromeDriver: chrome on WINDOWS (df61d7a26872e76e2c83d64bd32afc01)] -> id: ContentPlaceHolder1_MyCheckBox] (tried for 10 second(s) with 500 milliseconds interval)
Build info: version: '3.141.59', revision: 'e82be7d358', time: '2018-11-14T08:17:03'
System info: host: 'II47-PF2H2HPK', ip: '192.168.0.196', os.name: 'Windows 10', os.arch: 'amd64', os.version: '10.0', java.version: '1.8.0_301'
Driver info: org.openqa.selenium.chrome.ChromeDriver
Capabilities {acceptInsecureCerts: false, browserName: chrome, browserVersion: 95.0.4638.69, chrome: {chromedriverVersion: 94.0.4606.61 (418b78f5838ed..., userDataDir: C:\Users\RAJIV_~1\AppData\L...}, goog:chromeOptions: {debuggerAddress: localhost:53230}, javascriptEnabled: true, networkConnectionEnabled: false, pageLoadStrategy: normal, platform: WINDOWS, platformName: WINDOWS, proxy: Proxy(), setWindowRect: true, strictFileInteractability: false, timeouts: {implicit: 0, pageLoad: 300000, script: 30000}, unhandledPromptBehavior: dismiss and notify, webauthn:extension:credBlob: true, webauthn:extension:largeBlob: true, webauthn:virtualAuthenticators: true}
Session ID: df61d7a26872e76e2c83d64bd32afc01
	at org.openqa.selenium.support.ui.WebDriverWait.timeoutException(WebDriverWait.java:95)
	at org.openqa.selenium.support.ui.FluentWait.until(FluentWait.java:272)
	at com.etherscan.pages.UserRegistrationPage.accpetTermsConditions(UserRegistrationPage.java:99)
	at com.etherscan.helpers.UserRegistrationHelper.accpetTermsConditions(UserRegistrationHelper.java:52)
	at com.etherscan.stepdefinitions.UserRegistrationStepDefinition.user_accepts_terms_and_conditions(UserRegistrationStepDefinition.java:99)
	at ?.user accepts terms and contions(file:///C:/Users/rajiv_ranjan_maurya/Selenium%20Practice/Etherscan/src/test/java/com/etherscan/features/UserRegistration.feature:80)
</textarea>
      
      </div>
              </div>
              <div class="step pass-bg" >
                <span>com.etherscan.stepdefinitions.UserRegistrationStepDefinition.addScreenshot(io.cucumber.java.Scenario)</span>
      <div>
          <div class="row mb-3"><div class="col-md-3">
    <img data-featherlight='../Screenshots/embedded5.png' src="../Screenshots/embedded5.png">
    
    </div></div>
</div>
              </div>
              <div class="step skip-bg" title="com.etherscan.stepdefinitions.UserRegistrationStepDefinition.subscribe_newsletter()">
                <span>And user subscribs to newsletter</span>
      <div>Step skipped
      </div>
              </div>
              <div class="step skip-bg" title="com.etherscan.stepdefinitions.UserRegistrationStepDefinition.select_captcha()">
                <span>And user selects captcha</span>
      <div>Step skipped
      </div>
              </div>
              <div class="step skip-bg" title="com.etherscan.stepdefinitions.UserRegistrationStepDefinition.user_creates_account()">
                <span>And user creates account</span>
      <div>Step skipped
      </div>
              </div>
              <div class="step skip-bg" title="com.etherscan.stepdefinitions.UserRegistrationStepDefinition.user_see_error_message(java.lang.String)">
                <span>Then user should see "Sorry! The username you entered is already in use." message</span>
      <div>Step skipped
      </div>
              </div>
          </div>
        </div>
  </div>
</div>
          </div>
        </li>
      </ul>
    </div>
  </div>
<div class="test-content scrollable">
<div class="test-content-tools">
<ul><li><a class="back-to-test" href="#"><i class="fa fa-arrow-left"></i></a></li></ul>
</div>
<div class="test-content-detail"><div class="detail-body"></div></div>
</div></div>
<div class="test-wrapper row view exception-view attributes-view">
<div class="test-list">
<div class="test-list-tools">
<ul class="tools pull-left"><li><a href=""><span class="font-size-14">Exception</span></a></li></ul>
<ul class="tools text-right"><li><a href="#"><span class="badge badge-primary">1</span></a></li></ul>
</div>
<div class="test-list-wrapper scrollable">
<ul class="test-list-item">
<li class="test-item">
<div class="test-detail">
<span class="meta">
<span class='badge log badge-danger'>1</span>
</span>
<p class="name">org.openqa.selenium.TimeoutException</p>
<p class="duration text-sm">1 tests</p>
</div>
<div class="test-contents d-none">
<div class="info">
<h4>org.openqa.selenium.TimeoutException</h4>
<span status="fail" class='badge log badge-danger'>1 failed</span>
</div>
<table class='table table-sm mt-4'>
<thead>
<tr>
<th class="status-col">Status</th>
<th class="timestamp-col">Timestamp</th>
<th>TestName</th>
</tr>
</thead>
<tbody>
<tr class="tag-test-status" status="fail">
<td><span class="badge log fail-bg">Fail</span></td>
<td>22:35:21 PM</td>
<td>
<a href="#" class="linked" test-id='1' id='57'>Then user should see "Password does not match, please check again." message</a>
<div class="">
<span class="badge badge-default">This feature is to test user registration functionality.validate error message when password is confirmed wrongly.Then user should see "Password does not match, please check again." message</span>
</div>
</td>
</tr>
<tr class="tag-test-status" status="fail">
<td><span class="badge log fail-bg">Fail</span></td>
<td>22:35:34 PM</td>
<td>
<a href="#" class="linked" test-id='1' id='76'>Then user should see "Please accept our Terms and Conditions." message</a>
<div class="">
<span class="badge badge-default">This feature is to test user registration functionality.validate that user is not able to create account without accepting terms and conditions.Then user should see "Please accept our Terms and Conditions." message</span>
</div>
</td>
</tr>
<tr class="tag-test-status" status="fail">
<td><span class="badge log fail-bg">Fail</span></td>
<td>22:35:45 PM</td>
<td>
<a href="#" class="linked" test-id='1' id='89'>And user accepts terms and contions</a>
<div class="">
<span class="badge badge-default">This feature is to test user registration functionality.validate that user is not able to create account without selecting captcha.And user accepts terms and contions</span>
</div>
</td>
</tr>
<tr class="tag-test-status" status="fail">
<td><span class="badge log fail-bg">Fail</span></td>
<td>22:35:56 PM</td>
<td>
<a href="#" class="linked" test-id='1' id='103'>And user accepts terms and contions</a>
<div class="">
<span class="badge badge-default">This feature is to test user registration functionality.validate that user is able to create account successfully.And user accepts terms and contions</span>
</div>
</td>
</tr>
<tr class="tag-test-status" status="fail">
<td><span class="badge log fail-bg">Fail</span></td>
<td>22:36:08 PM</td>
<td>
<a href="#" class="linked" test-id='1' id='131'>And user accepts terms and contions</a>
<div class="">
<span class="badge badge-default">This feature is to test user registration functionality.validate that user is not able to register with existing user name.And user accepts terms and contions</span>
</div>
</td>
</tr>
</tbody>
</table>
</div>
</li>
</ul>
</div>
</div>
<div class="test-content scrollable">
<div class="test-content-detail">
<div class="detail-body"></div>
</div>
</div>
</div><div class="container-fluid p-4 view dashboard-view">
<div class="row">
<div class="col-md-3">
<div class="card"><div class="card-body">
<p class="m-b-0">Started</p>
<h3>Nov 28, 2021 10:34:39 PM</h3>
</div></div>
</div>
<div class="col-md-3">
<div class="card"><div class="card-body">
<p class="m-b-0">Ended</p>
<h3>Nov 28, 2021 10:36:20 PM</h3>
</div></div>
</div>
<div class="col-md-3">
<div class="card"><div class="card-body">
<p class="m-b-0 text-pass">Features Passed</p>
<h3>0</h3>
</div></div>
</div>
<div class="col-md-3">
<div class="card"><div class="card-body">
<p class="m-b-0 text-fail">Features Failed</p>
<h3>1</h3>
</div></div>
</div>
</div>
<div class="row">
<div class="col-md-4">
<div class="card">
<div class="card-header">
<h6 class="card-title">Features</h6>
</div>
<div class="card-body">
<div class="">
<canvas id='parent-analysis' width='115' height='90'></canvas>
</div>
</div>
<div class="card-footer">
<div><small data-tooltip='0%'>
<b>0</b> features passed
</small>
</div>
<div>
<small data-tooltip='100%'><b>1</b> features failed,
<b>0</b> skipped, <b data-tooltip='0%'>0</b> others
</small>
</div>
</div>
</div>
</div>
<div class="col-md-4">
<div class="card">
<div class="card-header">
<h6 class="card-title">Scenarios</h6>
</div>
<div class="card-body">
<div class="">
<canvas id='child-analysis' width='115' height='90'></canvas>
</div>
</div>
<div class="card-footer">
<div><small data-tooltip='50%'><b>5</b> scenarios passed</small></div>
<div>
<small data-tooltip='50%'><b>5</b> scenarios failed,
<b>0</b> skipped, <b data-tooltip='%'>0</b> others
</small>
</div>
</div>
</div>
</div>
<div class="col-md-4">
<div class="card">
<div class="card-header">
<h6 class="card-title">Steps</h6>
</div>
<div class="card-body">
<div class="">
<canvas id='grandchild-analysis' width='115' height='90'></canvas>
</div>
</div>
<div class="card-footer">
<div><small data-tooltip='74%'><b>44</b> steps passed</small></div>
<div>
<small data-tooltip='8%'><b>5</b> steps failed,
<b>10</b> skipped, <b data-tooltip='%'>0</b> others
</small>
</div>
</div>
</div>
</div>
</div>
<div class="row"><div class="col-md-12">
<div class="card"><div class="card-header"><p>Timeline</p></div>
<div class="card-body pt-0"><div>
<canvas id="timeline" height="120"></canvas>
</div></div>
</div>
</div></div>
<script>
var timeline = {
"This feature is to test user registration functionality":98.037
};
</script>
<div class="row">
</div>
</div>
<script>
var statusGroup = {
parentCount: 5,
passParent: 0,
failParent: 1,
warningParent: 0,
skipParent: 0,
childCount: 5,
passChild: 5,
failChild: 5,
warningChild: 0,
skipChild: 0,
infoChild: 0,
grandChildCount: 5,
passGrandChild: 44,
failGrandChild: 5,
warningGrandChild: 0,
skipGrandChild: 10,
infoGrandChild: 0,
eventsCount: 5,
};
</script>        </div>
      </div>
    </div>
  </div>
<script src="https://cdn.jsdelivr.net/gh/extent-framework/extent-github-cdn@14e9bb345ef7e2ed3a102f271d84e9f0267c88e7/spark/js/spark-script.js"></script>
<script type="text/javascript"></script></body>
</html>