<?xml version="1.0" encoding="UTF-8"?>
<!-- Generated by org.testng.reporters.JUnitReportReporter -->
<testsuite skipped="0" hostname="II47-PF2H2HPK" name="com.etherscan.runners.TestRunner" tests="10" failures="2" timestamp="2021-11-28T22:42:37 IST" time="146.341" errors="0">
  <testcase name="runScenario" time="12.135" classname="com.etherscan.runners.TestRunner"/>
  <system-out/>
  <testcase name="runScenario" time="14.567" classname="com.etherscan.runners.TestRunner"/>
  <system-out/>
  <testcase name="runScenario" time="14.373" classname="com.etherscan.runners.TestRunner"/>
  <system-out/>
  <testcase name="runScenario" time="12.080" classname="com.etherscan.runners.TestRunner"/>
  <system-out/>
  <testcase name="runScenario" time="18.259" classname="com.etherscan.runners.TestRunner">
    <failure type="java.lang.AssertionError" message="Incorrect error message is displayed. Expected is: Your account registration has been submitted and is pending email verification  Actual is: Error! Invalid captcha response.Please Try Again expected [Your account registration has been submitted and is pending email verification ] but found [Error! Invalid captcha response.Please Try Again]">
      <![CDATA[java.lang.AssertionError: Incorrect error message is displayed. Expected is: Your account registration has been submitted and is pending email verification  Actual is: Error! Invalid captcha response.Please Try Again expected [Your account registration has been submitted and is pending email verification ] but found [Error! Invalid captcha response.Please Try Again]
at org.testng.Assert.fail(Assert.java:99)
at org.testng.Assert.failNotEquals(Assert.java:1037)
at org.testng.Assert.assertEqualsImpl(Assert.java:140)
at org.testng.Assert.assertEquals(Assert.java:122)
at org.testng.Assert.assertEquals(Assert.java:629)
at com.etherscan.stepdefinitions.UserRegistrationStepDefinition.user_see_error_message(UserRegistrationStepDefinition.java:59)
at ✽.user should see "Your account registration has been submitted and is pending email verification " message(file:///C:/Users/rajiv_ranjan_maurya/Selenium%20Practice/Etherscan/src/test/java/com/etherscan/features/UserRegistration.feature:70)
]]>
    </failure>
  </testcase> <!-- runScenario -->
  <system-out/>
  <testcase name="runScenario" time="18.029" classname="com.etherscan.runners.TestRunner">
    <failure type="java.lang.AssertionError" message="Incorrect error message is displayed. Expected is: Sorry! The username you entered is already in use. Actual is: Error! Invalid captcha response.Please Try Again expected [Sorry! The username you entered is already in use.] but found [Error! Invalid captcha response.Please Try Again]">
      <![CDATA[java.lang.AssertionError: Incorrect error message is displayed. Expected is: Sorry! The username you entered is already in use. Actual is: Error! Invalid captcha response.Please Try Again expected [Sorry! The username you entered is already in use.] but found [Error! Invalid captcha response.Please Try Again]
at org.testng.Assert.fail(Assert.java:99)
at org.testng.Assert.failNotEquals(Assert.java:1037)
at org.testng.Assert.assertEqualsImpl(Assert.java:140)
at org.testng.Assert.assertEquals(Assert.java:122)
at org.testng.Assert.assertEquals(Assert.java:629)
at com.etherscan.stepdefinitions.UserRegistrationStepDefinition.user_see_error_message(UserRegistrationStepDefinition.java:59)
at ✽.user should see "Sorry! The username you entered is already in use." message(file:///C:/Users/rajiv_ranjan_maurya/Selenium%20Practice/Etherscan/src/test/java/com/etherscan/features/UserRegistration.feature:84)
]]>
    </failure>
  </testcase> <!-- runScenario -->
  <system-out/>
  <testcase name="runScenario" time="15.015" classname="com.etherscan.runners.TestRunner"/>
  <system-out/>
  <testcase name="runScenario" time="15.045" classname="com.etherscan.runners.TestRunner"/>
  <system-out/>
  <testcase name="runScenario" time="15.133" classname="com.etherscan.runners.TestRunner"/>
  <system-out/>
  <testcase name="runScenario" time="11.705" classname="com.etherscan.runners.TestRunner"/>
  <system-out/>
</testsuite> <!-- com.etherscan.runners.TestRunner -->
